<?xml version="1.0" encoding="UTF-8"?>
<testsuite name="Linux-g++"
	tests="4"
	failures="0"
	disabled="0"
	skipped="0"
	hostname="f06011815e3f"
	time="0"
	timestamp="2026-03-14T21:32:48"
	>
	<testcase name="HelloTestCommit.BasicAssertions" classname="HelloTestCommit.BasicAssertions" time="0.0325577" status="run">
		<properties/>
		<system-out>Running main() from /workspace/build/_deps/googletest-src/googletest/src/gtest_main.cc
Note: Google Test filter = HelloTestCommit.BasicAssertions
[==========] Running 1 test from 1 test suite.
[----------] Global test environment set-up.
[----------] 1 test from HelloTestCommit
[ RUN      ] HelloTestCommit.BasicAssertions
[       OK ] HelloTestCommit.BasicAssertions (0 ms)
[----------] 1 test from HelloTestCommit (0 ms total)

[----------] Global test environment tear-down
[==========] 1 test from 1 test suite ran. (2 ms total)
[  PASSED  ] 1 test.
</system-out>
	</testcase>
	<testcase name="Integration.VulkanEngine" classname="Integration.VulkanEngine" time="0.044852" status="run">
		<properties/>
		<system-out>Running main() from /workspace/build/_deps/googletest-src/googletest/src/gtest_main.cc
Note: Google Test filter = Integration.VulkanEngine
[==========] Running 1 test from 1 test suite.
[----------] Global test environment set-up.
[----------] 1 test from Integration
[ RUN      ] Integration.VulkanEngine
[       OK ] Integration.VulkanEngine (0 ms)
[----------] 1 test from Integration (0 ms total)

[----------] Global test environment tear-down
[==========] 1 test from 1 test suite ran. (1 ms total)
[  PASSED  ] 1 test.
</system-out>
	</testcase>
	<testcase name="HelloTestCompile.BasicAssertions" classname="HelloTestCompile.BasicAssertions" time="0.0420989" status="run">
		<properties/>
		<system-out>Running main() from /workspace/build/_deps/googletest-src/googletest/src/gtest_main.cc
Note: Google Test filter = HelloTestCompile.BasicAssertions
[==========] Running 1 test from 1 test suite.
[----------] Global test environment set-up.
[----------] 1 test from HelloTestCompile
[ RUN      ] HelloTestCompile.BasicAssertions
[       OK ] HelloTestCompile.BasicAssertions (0 ms)
[----------] 1 test from HelloTestCompile (0 ms total)

[----------] Global test environment tear-down
[==========] 1 test from 1 test suite ran. (1 ms total)
[  PASSED  ] 1 test.
</system-out>
	</testcase>
	<testcase name="HelloTestCompile.blob" classname="HelloTestCompile.blob" time="0.0554152" status="run">
		<properties/>
		<system-out>Running main() from /workspace/build/_deps/googletest-src/googletest/src/gtest_main.cc
Note: Google Test filter = HelloTestCompile.blob
[==========] Running 1 test from 1 test suite.
[----------] Global test environment set-up.
[----------] 1 test from HelloTestCompile
[ RUN      ] HelloTestCompile.blob
[       OK ] HelloTestCompile.blob (0 ms)
[----------] 1 test from HelloTestCompile (2 ms total)

[----------] Global test environment tear-down
[==========] 1 test from 1 test suite ran. (3 ms total)
[  PASSED  ] 1 test.
</system-out>
	</testcase>
</testsuite>
